<?xml version="1.0" encoding="UTF-8"?>
<!-- Generated by org.testng.reporters.JUnitReportReporter -->
<testsuite hostname="LAPTOP-C59JJODQ" failures="0" tests="1" name="webautomation.testng.DashBoardTest" time="0.250" errors="0" timestamp="2024-02-05T15:50:10 IST" skipped="0">
  <testcase classname="webautomation.testng.DashBoardTest" name="addToCartItems" time="0.250"/>
  <system-out/>
</testsuite> <!-- webautomation.testng.DashBoardTest -->
