<?xml version="1.0" encoding="UTF-8"?>
<!-- Generated by org.testng.reporters.JUnitReportReporter -->
<testsuite hostname="LAPTOP-C59JJODQ" failures="0" tests="1" name="webautomation.testng.AddToItemTest" time="0.564" errors="0" timestamp="2024-02-05T16:39:42 IST" skipped="0">
  <testcase classname="webautomation.testng.AddToItemTest" name="addToCartItems" time="0.564"/>
  <system-out/>
</testsuite> <!-- webautomation.testng.AddToItemTest -->
